<?xml version="1.0" encoding="UTF-8"?>
<!-- Generated by org.testng.reporters.JUnitXMLReporter -->
<testsuite ignored="0" hostname="Ajith" failures="0" tests="3" name="Default test" time="53.691" errors="0" timestamp="10 Jun 2026 16:01:19 GMT">
  <testcase classname="org.api.RestassuredApi1" name="verifyGetPostById" time="27.676"/>
  <testcase classname="org.api.RestassuredApi1" name="verifyCreatePost" time="23.175"/>
  <testcase classname="org.api.RestassuredApi1" name="verifyInvalidEndpoint" time="1.762"/>
</testsuite> <!-- Default test -->
