<?xml version="1.0" encoding="UTF-8"?>
<!-- Generated by org.testng.reporters.JUnitReportReporter -->
<testsuite hostname="Ajith" failures="0" tests="3" name="org.api.RestassuredApi1" time="52.613" errors="0" timestamp="10 Jun 2026 16:01:19 GMT" skipped="0">
  <testcase classname="org.api.RestassuredApi1" name="verifyGetPostById" time="27.676"/>
  <testcase classname="org.api.RestassuredApi1" name="verifyCreatePost" time="23.175"/>
  <testcase classname="org.api.RestassuredApi1" name="verifyInvalidEndpoint" time="1.762"/>
</testsuite> <!-- org.api.RestassuredApi1 -->
