<?xml version="1.0" encoding="UTF-8"?>
<testng-results ignored="0" total="3" passed="3" failed="0" skipped="0">
  <reporter-output>
  </reporter-output>
  <suite started-at="2026-06-10T16:00:25Z" name="Default suite" finished-at="2026-06-10T16:01:18Z" duration-ms="53691">
    <groups>
    </groups>
    <test started-at="2026-06-10T16:00:25Z" name="Default test" finished-at="2026-06-10T16:01:18Z" duration-ms="53691">
      <class name="org.api.RestassuredApi1">
        <test-method is-config="true" signature="setup()[pri:0, instance:org.api.RestassuredApi1@5b67bb7e]" started-at="2026-06-10T16:00:25Z" name="setup" finished-at="2026-06-10T16:00:26Z" duration-ms="1022" status="PASS">
          <reporter-output>
          </reporter-output>
        </test-method> <!-- setup -->
        <test-method signature="verifyGetPostById()[pri:1, instance:org.api.RestassuredApi1@5b67bb7e]" started-at="2026-06-10T16:00:26Z" name="verifyGetPostById" finished-at="2026-06-10T16:00:53Z" duration-ms="27676" status="PASS">
          <reporter-output>
          </reporter-output>
        </test-method> <!-- verifyGetPostById -->
        <test-method signature="verifyCreatePost()[pri:2, instance:org.api.RestassuredApi1@5b67bb7e]" started-at="2026-06-10T16:00:53Z" name="verifyCreatePost" finished-at="2026-06-10T16:01:17Z" duration-ms="23175" status="PASS">
          <reporter-output>
          </reporter-output>
        </test-method> <!-- verifyCreatePost -->
        <test-method signature="verifyInvalidEndpoint()[pri:3, instance:org.api.RestassuredApi1@5b67bb7e]" started-at="2026-06-10T16:01:17Z" name="verifyInvalidEndpoint" finished-at="2026-06-10T16:01:18Z" duration-ms="1762" status="PASS">
          <reporter-output>
          </reporter-output>
        </test-method> <!-- verifyInvalidEndpoint -->
      </class> <!-- org.api.RestassuredApi1 -->
    </test> <!-- Default test -->
  </suite> <!-- Default suite -->
</testng-results>
